<?xml version="1.0" encoding="UTF-8"?>
<!-- Generated by org.testng.reporters.JUnitXMLReporter -->
<testsuite ignored="0" hostname="DESKTOP-RU743KT" failures="0" tests="13" name="Test" time="0.226" errors="0" timestamp="2021-12-31T19:30:35 IST">
  <testcase classname="base.Base" name="@BeforeClass setUp" time="0.012">
    <failure type="java.io.FileNotFoundException" message="C:\Users\manga\eclipse-workspace\learning\resources\data.properties (The system cannot find the path specified)">
      <![CDATA[java.io.FileNotFoundException: C:\Users\manga\eclipse-workspace\learning\resources\data.properties (The system cannot find the path specified)
at java.base/java.io.FileInputStream.open0(Native Method)
at java.base/java.io.FileInputStream.open(FileInputStream.java:211)
at java.base/java.io.FileInputStream.<init>(FileInputStream.java:153)
at java.base/java.io.FileInputStream.<init>(FileInputStream.java:108)
at base.Base.setUp(Base.java:41)
at java.base/java.util.ArrayList.forEach(ArrayList.java:1511)
... Removed 25 stack frames]]>
    </failure>
  </testcase> <!-- @BeforeClass setUp -->
  <testcase classname="base.Base" name="@BeforeMethod goHome" time="-1.640959235335E9">
    <skipped/>
  </testcase> <!-- @BeforeMethod goHome -->
  <testcase classname="base.Base" name="@AfterMethod recordFailure" time="-1.640959235344E9">
    <skipped/>
  </testcase> <!-- @AfterMethod recordFailure -->
  <testcase classname="base.Base" name="@AfterClass tearDown" time="-1.640959235347E9">
    <skipped/>
  </testcase> <!-- @AfterClass tearDown -->
  <testcase classname="base.Base" name="@BeforeClass setUp" time="0.0">
    <failure type="java.io.FileNotFoundException" message="C:\Users\manga\eclipse-workspace\learning\resources\data.properties (The system cannot find the path specified)">
      <![CDATA[java.io.FileNotFoundException: C:\Users\manga\eclipse-workspace\learning\resources\data.properties (The system cannot find the path specified)
at java.base/java.io.FileInputStream.open0(Native Method)
at java.base/java.io.FileInputStream.open(FileInputStream.java:211)
at java.base/java.io.FileInputStream.<init>(FileInputStream.java:153)
at java.base/java.io.FileInputStream.<init>(FileInputStream.java:108)
at base.Base.setUp(Base.java:41)
at java.base/java.util.ArrayList.forEach(ArrayList.java:1511)
... Removed 25 stack frames]]>
    </failure>
  </testcase> <!-- @BeforeClass setUp -->
  <testcase classname="base.Base" name="@BeforeMethod goHome" time="-1.640959235355E9">
    <skipped/>
  </testcase> <!-- @BeforeMethod goHome -->
  <testcase classname="base.Base" name="@AfterMethod recordFailure" time="-1.640959235362E9">
    <skipped/>
  </testcase> <!-- @AfterMethod recordFailure -->
  <testcase classname="base.Base" name="@AfterClass tearDown" time="-1.640959235364E9">
    <skipped/>
  </testcase> <!-- @AfterClass tearDown -->
  <testcase classname="base.Base" name="@BeforeClass setUp" time="0.001">
    <failure type="java.io.FileNotFoundException" message="C:\Users\manga\eclipse-workspace\learning\resources\data.properties (The system cannot find the path specified)">
      <![CDATA[java.io.FileNotFoundException: C:\Users\manga\eclipse-workspace\learning\resources\data.properties (The system cannot find the path specified)
at java.base/java.io.FileInputStream.open0(Native Method)
at java.base/java.io.FileInputStream.open(FileInputStream.java:211)
at java.base/java.io.FileInputStream.<init>(FileInputStream.java:153)
at java.base/java.io.FileInputStream.<init>(FileInputStream.java:108)
at base.Base.setUp(Base.java:41)
at java.base/java.util.ArrayList.forEach(ArrayList.java:1511)
... Removed 25 stack frames]]>
    </failure>
  </testcase> <!-- @BeforeClass setUp -->
  <testcase classname="base.Base" name="@BeforeMethod goHome" time="-1.64095923537E9">
    <skipped/>
  </testcase> <!-- @BeforeMethod goHome -->
  <testcase classname="base.Base" name="@AfterMethod recordFailure" time="-1.640959235375E9">
    <skipped/>
  </testcase> <!-- @AfterMethod recordFailure -->
  <testcase classname="base.Base" name="@AfterClass tearDown" time="-1.640959235377E9">
    <skipped/>
  </testcase> <!-- @AfterClass tearDown -->
  <testcase classname="base.Base" name="@BeforeClass setUp" time="0.0">
    <failure type="java.io.FileNotFoundException" message="C:\Users\manga\eclipse-workspace\learning\resources\data.properties (The system cannot find the path specified)">
      <![CDATA[java.io.FileNotFoundException: C:\Users\manga\eclipse-workspace\learning\resources\data.properties (The system cannot find the path specified)
at java.base/java.io.FileInputStream.open0(Native Method)
at java.base/java.io.FileInputStream.open(FileInputStream.java:211)
at java.base/java.io.FileInputStream.<init>(FileInputStream.java:153)
at java.base/java.io.FileInputStream.<init>(FileInputStream.java:108)
at base.Base.setUp(Base.java:41)
at java.base/java.util.ArrayList.forEach(ArrayList.java:1511)
... Removed 25 stack frames]]>
    </failure>
  </testcase> <!-- @BeforeClass setUp -->
  <testcase classname="base.Base" name="@BeforeMethod goHome" time="-1.640959235382E9">
    <skipped/>
  </testcase> <!-- @BeforeMethod goHome -->
  <testcase classname="base.Base" name="@AfterMethod recordFailure" time="-1.640959235387E9">
    <skipped/>
  </testcase> <!-- @AfterMethod recordFailure -->
  <testcase classname="base.Base" name="@AfterClass tearDown" time="-1.640959235389E9">
    <skipped/>
  </testcase> <!-- @AfterClass tearDown -->
  <testcase classname="base.Base" name="@BeforeClass setUp" time="0.0">
    <failure type="java.io.FileNotFoundException" message="C:\Users\manga\eclipse-workspace\learning\resources\data.properties (The system cannot find the path specified)">
      <![CDATA[java.io.FileNotFoundException: C:\Users\manga\eclipse-workspace\learning\resources\data.properties (The system cannot find the path specified)
at java.base/java.io.FileInputStream.open0(Native Method)
at java.base/java.io.FileInputStream.open(FileInputStream.java:211)
at java.base/java.io.FileInputStream.<init>(FileInputStream.java:153)
at java.base/java.io.FileInputStream.<init>(FileInputStream.java:108)
at base.Base.setUp(Base.java:41)
at java.base/java.util.ArrayList.forEach(ArrayList.java:1511)
... Removed 25 stack frames]]>
    </failure>
  </testcase> <!-- @BeforeClass setUp -->
  <testcase classname="base.Base" name="@BeforeMethod goHome" time="-1.640959235395E9">
    <skipped/>
  </testcase> <!-- @BeforeMethod goHome -->
  <testcase classname="base.Base" name="@AfterMethod recordFailure" time="-1.6409592354E9">
    <skipped/>
  </testcase> <!-- @AfterMethod recordFailure -->
  <testcase classname="base.Base" name="@AfterClass tearDown" time="-1.640959235401E9">
    <skipped/>
  </testcase> <!-- @AfterClass tearDown -->
  <testcase classname="base.Base" name="@BeforeClass setUp" time="0.0">
    <failure type="java.io.FileNotFoundException" message="C:\Users\manga\eclipse-workspace\learning\resources\data.properties (The system cannot find the path specified)">
      <![CDATA[java.io.FileNotFoundException: C:\Users\manga\eclipse-workspace\learning\resources\data.properties (The system cannot find the path specified)
at java.base/java.io.FileInputStream.open0(Native Method)
at java.base/java.io.FileInputStream.open(FileInputStream.java:211)
at java.base/java.io.FileInputStream.<init>(FileInputStream.java:153)
at java.base/java.io.FileInputStream.<init>(FileInputStream.java:108)
at base.Base.setUp(Base.java:41)
at java.base/java.util.ArrayList.forEach(ArrayList.java:1511)
... Removed 25 stack frames]]>
    </failure>
  </testcase> <!-- @BeforeClass setUp -->
  <testcase classname="base.Base" name="@BeforeMethod goHome" time="-1.640959235407E9">
    <skipped/>
  </testcase> <!-- @BeforeMethod goHome -->
  <testcase classname="base.Base" name="@AfterMethod recordFailure" time="-1.640959235414E9">
    <skipped/>
  </testcase> <!-- @AfterMethod recordFailure -->
  <testcase classname="base.Base" name="@BeforeMethod goHome" time="-1.640959235416E9">
    <skipped/>
  </testcase> <!-- @BeforeMethod goHome -->
  <testcase classname="base.Base" name="@AfterMethod recordFailure" time="-1.64095923542E9">
    <skipped/>
  </testcase> <!-- @AfterMethod recordFailure -->
  <testcase classname="base.Base" name="@AfterClass tearDown" time="-1.640959235422E9">
    <skipped/>
  </testcase> <!-- @AfterClass tearDown -->
  <testcase classname="base.Base" name="@BeforeClass setUp" time="0.001">
    <failure type="java.io.FileNotFoundException" message="C:\Users\manga\eclipse-workspace\learning\resources\data.properties (The system cannot find the path specified)">
      <![CDATA[java.io.FileNotFoundException: C:\Users\manga\eclipse-workspace\learning\resources\data.properties (The system cannot find the path specified)
at java.base/java.io.FileInputStream.open0(Native Method)
at java.base/java.io.FileInputStream.open(FileInputStream.java:211)
at java.base/java.io.FileInputStream.<init>(FileInputStream.java:153)
at java.base/java.io.FileInputStream.<init>(FileInputStream.java:108)
at base.Base.setUp(Base.java:41)
at java.base/java.util.ArrayList.forEach(ArrayList.java:1511)
... Removed 25 stack frames]]>
    </failure>
  </testcase> <!-- @BeforeClass setUp -->
  <testcase classname="base.Base" name="@BeforeMethod goHome" time="-1.640959235428E9">
    <skipped/>
  </testcase> <!-- @BeforeMethod goHome -->
  <testcase classname="base.Base" name="@AfterMethod recordFailure" time="-1.640959235432E9">
    <skipped/>
  </testcase> <!-- @AfterMethod recordFailure -->
  <testcase classname="base.Base" name="@AfterClass tearDown" time="-1.640959235434E9">
    <skipped/>
  </testcase> <!-- @AfterClass tearDown -->
  <testcase classname="base.Base" name="@BeforeClass setUp" time="0.001">
    <failure type="java.io.FileNotFoundException" message="C:\Users\manga\eclipse-workspace\learning\resources\data.properties (The system cannot find the path specified)">
      <![CDATA[java.io.FileNotFoundException: C:\Users\manga\eclipse-workspace\learning\resources\data.properties (The system cannot find the path specified)
at java.base/java.io.FileInputStream.open0(Native Method)
at java.base/java.io.FileInputStream.open(FileInputStream.java:211)
at java.base/java.io.FileInputStream.<init>(FileInputStream.java:153)
at java.base/java.io.FileInputStream.<init>(FileInputStream.java:108)
at base.Base.setUp(Base.java:41)
at java.base/java.util.ArrayList.forEach(ArrayList.java:1511)
... Removed 25 stack frames]]>
    </failure>
  </testcase> <!-- @BeforeClass setUp -->
  <testcase classname="base.Base" name="@BeforeMethod goHome" time="-1.64095923544E9">
    <skipped/>
  </testcase> <!-- @BeforeMethod goHome -->
  <testcase classname="base.Base" name="@AfterMethod recordFailure" time="-1.640959235446E9">
    <skipped/>
  </testcase> <!-- @AfterMethod recordFailure -->
  <testcase classname="base.Base" name="@BeforeMethod goHome" time="-1.640959235449E9">
    <skipped/>
  </testcase> <!-- @BeforeMethod goHome -->
  <testcase classname="base.Base" name="@AfterMethod recordFailure" time="-1.640959235453E9">
    <skipped/>
  </testcase> <!-- @AfterMethod recordFailure -->
  <testcase classname="base.Base" name="@BeforeMethod goHome" time="-1.640959235455E9">
    <skipped/>
  </testcase> <!-- @BeforeMethod goHome -->
  <testcase classname="base.Base" name="@AfterMethod recordFailure" time="-1.640959235458E9">
    <skipped/>
  </testcase> <!-- @AfterMethod recordFailure -->
  <testcase classname="base.Base" name="@AfterClass tearDown" time="-1.640959235459E9">
    <skipped/>
  </testcase> <!-- @AfterClass tearDown -->
  <testcase classname="base.Base" name="@BeforeClass setUp" time="0.001">
    <failure type="java.io.FileNotFoundException" message="C:\Users\manga\eclipse-workspace\learning\resources\data.properties (The system cannot find the path specified)">
      <![CDATA[java.io.FileNotFoundException: C:\Users\manga\eclipse-workspace\learning\resources\data.properties (The system cannot find the path specified)
at java.base/java.io.FileInputStream.open0(Native Method)
at java.base/java.io.FileInputStream.open(FileInputStream.java:211)
at java.base/java.io.FileInputStream.<init>(FileInputStream.java:153)
at java.base/java.io.FileInputStream.<init>(FileInputStream.java:108)
at base.Base.setUp(Base.java:41)
at java.base/java.util.ArrayList.forEach(ArrayList.java:1511)
... Removed 25 stack frames]]>
    </failure>
  </testcase> <!-- @BeforeClass setUp -->
  <testcase classname="base.Base" name="@BeforeMethod goHome" time="-1.640959235465E9">
    <skipped/>
  </testcase> <!-- @BeforeMethod goHome -->
  <testcase classname="base.Base" name="@AfterMethod recordFailure" time="-1.640959235468E9">
    <skipped/>
  </testcase> <!-- @AfterMethod recordFailure -->
  <testcase classname="base.Base" name="@AfterClass tearDown" time="-1.640959235469E9">
    <skipped/>
  </testcase> <!-- @AfterClass tearDown -->
  <testcase classname="base.Base" name="@BeforeClass setUp" time="0.0">
    <failure type="java.io.FileNotFoundException" message="C:\Users\manga\eclipse-workspace\learning\resources\data.properties (The system cannot find the path specified)">
      <![CDATA[java.io.FileNotFoundException: C:\Users\manga\eclipse-workspace\learning\resources\data.properties (The system cannot find the path specified)
at java.base/java.io.FileInputStream.open0(Native Method)
at java.base/java.io.FileInputStream.open(FileInputStream.java:211)
at java.base/java.io.FileInputStream.<init>(FileInputStream.java:153)
at java.base/java.io.FileInputStream.<init>(FileInputStream.java:108)
at base.Base.setUp(Base.java:41)
at java.base/java.util.ArrayList.forEach(ArrayList.java:1511)
... Removed 25 stack frames]]>
    </failure>
  </testcase> <!-- @BeforeClass setUp -->
  <testcase classname="base.Base" name="@BeforeMethod goHome" time="-1.640959235473E9">
    <skipped/>
  </testcase> <!-- @BeforeMethod goHome -->
  <testcase classname="base.Base" name="@AfterMethod recordFailure" time="-1.640959235477E9">
    <skipped/>
  </testcase> <!-- @AfterMethod recordFailure -->
  <testcase classname="base.Base" name="@AfterClass tearDown" time="-1.640959235479E9">
    <skipped/>
  </testcase> <!-- @AfterClass tearDown -->
  <testcase classname="alerts.FileUploadTests" name="testFileUpload" time="0.0">
    <skipped/>
  </testcase> <!-- testFileUpload -->
  <testcase classname="keys.SliderTests" name="TestHorizontalSlider" time="0.0">
    <skipped/>
  </testcase> <!-- TestHorizontalSlider -->
  <testcase classname="windows.WindowsTests" name="testWindowTabs" time="0.0">
    <skipped/>
  </testcase> <!-- testWindowTabs -->
  <testcase classname="frames.FrameTests" name="testFrameText" time="0.0">
    <skipped/>
  </testcase> <!-- testFrameText -->
  <testcase classname="dropdown.DropDownTests" name="selectDropDown" time="0.0">
    <skipped/>
  </testcase> <!-- selectDropDown -->
  <testcase classname="login.LoginTests" name="testSuccessfulLogin" time="0.0">
    <skipped/>
  </testcase> <!-- testSuccessfulLogin -->
  <testcase classname="login.LoginTests" name="testUnSuccessfulLogin" time="0.0">
    <skipped/>
  </testcase> <!-- testUnSuccessfulLogin -->
  <testcase classname="wait.WaitTests" name="testWaitUntilVisible" time="0.0">
    <skipped/>
  </testcase> <!-- testWaitUntilVisible -->
  <testcase classname="alerts.AlertsTests" name="testAcceptAlert" time="0.0">
    <skipped/>
  </testcase> <!-- testAcceptAlert -->
  <testcase classname="alerts.AlertsTests" name="testGetTextFromAlert" time="0.0">
    <skipped/>
  </testcase> <!-- testGetTextFromAlert -->
  <testcase classname="alerts.AlertsTests" name="testSetInputInAlert" time="0.0">
    <skipped/>
  </testcase> <!-- testSetInputInAlert -->
  <testcase classname="forgotpassword.ForgotPasswordTests" name="retrievePasswordTests" time="0.0">
    <skipped/>
  </testcase> <!-- retrievePasswordTests -->
  <testcase classname="keys.KeysTests" name="testSuccessfulLogin" time="0.0">
    <skipped/>
  </testcase> <!-- testSuccessfulLogin -->
</testsuite> <!-- Test -->
